0 info it worked if it ends with ok
1 verbose cli [ 'C:\\Program Files\\nodejs\\node.exe',
1 verbose cli   'C:\\Program Files\\nodejs\\node_modules\\npm\\bin\\npm-cli.js',
1 verbose cli   'install' ]
2 info using npm@2.14.4
3 info using node@v4.1.1
4 verbose readDependencies loading dependencies from C:\Users\Royce\Desktop\MakerSquare\REPLWoAC-Greenfield\package.json
5 warn package.json crashapp@1.0.0 No repository field.
6 verbose install where, deps [ 'C:\\Users\\Royce\\Desktop\\MakerSquare\\REPLWoAC-Greenfield',
6 verbose install   [ 'bcrypt-nodejs',
6 verbose install     'body-parser',
6 verbose install     'bower',
6 verbose install     'expect.js',
6 verbose install     'express',
6 verbose install     'grunt',
6 verbose install     'grunt-cli',
6 verbose install     'grunt-contrib-clean',
6 verbose install     'grunt-contrib-concat',
6 verbose install     'grunt-contrib-copy',
6 verbose install     'grunt-contrib-jshint',
6 verbose install     'grunt-contrib-sass',
6 verbose install     'grunt-contrib-uglify',
6 verbose install     'grunt-contrib-watch',
6 verbose install     'grunt-nodemon',
6 verbose install     'jasmine-core',
6 verbose install     'jwt-simple',
6 verbose install     'karma',
6 verbose install     'karma-chrome-launcher',
6 verbose install     'karma-jasmine',
6 verbose install     'mongoose',
6 verbose install     'q' ] ]
7 verbose install where, peers [ 'C:\\Users\\Royce\\Desktop\\MakerSquare\\REPLWoAC-Greenfield',
7 verbose install   [] ]
8 verbose installManyTop reading for lifecycle C:\Users\Royce\Desktop\MakerSquare\REPLWoAC-Greenfield\package.json
9 info preinstall crashapp@1.0.0
10 verbose installManyTop reading scoped package data from C:\Users\Royce\Desktop\MakerSquare\REPLWoAC-Greenfield\node_modules\bcrypt-nodejs\package.json
11 verbose installManyTop reading scoped package data from C:\Users\Royce\Desktop\MakerSquare\REPLWoAC-Greenfield\node_modules\body-parser\package.json
12 verbose installManyTop reading scoped package data from C:\Users\Royce\Desktop\MakerSquare\REPLWoAC-Greenfield\node_modules\bower\package.json
13 verbose installManyTop reading scoped package data from C:\Users\Royce\Desktop\MakerSquare\REPLWoAC-Greenfield\node_modules\expect.js\package.json
14 verbose installManyTop reading scoped package data from C:\Users\Royce\Desktop\MakerSquare\REPLWoAC-Greenfield\node_modules\express\package.json
15 verbose installManyTop reading scoped package data from C:\Users\Royce\Desktop\MakerSquare\REPLWoAC-Greenfield\node_modules\grunt\package.json
16 verbose installManyTop reading scoped package data from C:\Users\Royce\Desktop\MakerSquare\REPLWoAC-Greenfield\node_modules\grunt-cli\package.json
17 verbose installManyTop reading scoped package data from C:\Users\Royce\Desktop\MakerSquare\REPLWoAC-Greenfield\node_modules\grunt-contrib-clean\package.json
18 verbose installManyTop reading scoped package data from C:\Users\Royce\Desktop\MakerSquare\REPLWoAC-Greenfield\node_modules\grunt-contrib-concat\package.json
19 verbose installManyTop reading scoped package data from C:\Users\Royce\Desktop\MakerSquare\REPLWoAC-Greenfield\node_modules\grunt-contrib-copy\package.json
20 verbose installManyTop reading scoped package data from C:\Users\Royce\Desktop\MakerSquare\REPLWoAC-Greenfield\node_modules\grunt-contrib-jshint\package.json
21 verbose installManyTop reading scoped package data from C:\Users\Royce\Desktop\MakerSquare\REPLWoAC-Greenfield\node_modules\grunt-contrib-sass\package.json
22 verbose installManyTop reading scoped package data from C:\Users\Royce\Desktop\MakerSquare\REPLWoAC-Greenfield\node_modules\grunt-contrib-uglify\package.json
23 verbose installManyTop reading scoped package data from C:\Users\Royce\Desktop\MakerSquare\REPLWoAC-Greenfield\node_modules\grunt-contrib-watch\package.json
24 verbose installManyTop reading scoped package data from C:\Users\Royce\Desktop\MakerSquare\REPLWoAC-Greenfield\node_modules\grunt-nodemon\package.json
25 verbose installManyTop reading scoped package data from C:\Users\Royce\Desktop\MakerSquare\REPLWoAC-Greenfield\node_modules\jasmine-core\package.json
26 verbose installManyTop reading scoped package data from C:\Users\Royce\Desktop\MakerSquare\REPLWoAC-Greenfield\node_modules\jwt-simple\package.json
27 verbose installManyTop reading scoped package data from C:\Users\Royce\Desktop\MakerSquare\REPLWoAC-Greenfield\node_modules\karma\package.json
28 verbose installManyTop reading scoped package data from C:\Users\Royce\Desktop\MakerSquare\REPLWoAC-Greenfield\node_modules\karma-chrome-launcher\package.json
29 verbose installManyTop reading scoped package data from C:\Users\Royce\Desktop\MakerSquare\REPLWoAC-Greenfield\node_modules\karma-jasmine\package.json
30 verbose installManyTop reading scoped package data from C:\Users\Royce\Desktop\MakerSquare\REPLWoAC-Greenfield\node_modules\mongoose\package.json
31 verbose installManyTop reading scoped package data from C:\Users\Royce\Desktop\MakerSquare\REPLWoAC-Greenfield\node_modules\q\package.json
32 info package.json expect.js@0.3.1 No license field.
33 info package.json grunt@0.4.5 No license field.
34 info package.json grunt-cli@0.1.13 No license field.
35 info package.json grunt-contrib-clean@0.6.0 No license field.
36 info package.json grunt-contrib-concat@0.5.1 No license field.
37 info package.json grunt-contrib-sass@0.9.2 No license field.
38 info package.json grunt-contrib-watch@0.6.1 No license field.
39 info package.json q@1.4.1 license should be a valid SPDX license expression
40 info package.json bcrypt-nodejs@0.0.3 No license field.
41 verbose readDependencies loading dependencies from C:\Users\Royce\Desktop\MakerSquare\REPLWoAC-Greenfield\package.json
42 verbose targetResolver reading package data from C:\Users\Royce\Desktop\MakerSquare\REPLWoAC-Greenfield\node_modules\bcrypt-nodejs\package.json
43 verbose targetResolver reading package data from C:\Users\Royce\Desktop\MakerSquare\REPLWoAC-Greenfield\node_modules\body-parser\package.json
44 verbose targetResolver reading package data from C:\Users\Royce\Desktop\MakerSquare\REPLWoAC-Greenfield\node_modules\bower\package.json
45 verbose targetResolver reading package data from C:\Users\Royce\Desktop\MakerSquare\REPLWoAC-Greenfield\node_modules\expect.js\package.json
46 verbose targetResolver reading package data from C:\Users\Royce\Desktop\MakerSquare\REPLWoAC-Greenfield\node_modules\express\package.json
47 verbose targetResolver reading package data from C:\Users\Royce\Desktop\MakerSquare\REPLWoAC-Greenfield\node_modules\grunt\package.json
48 verbose targetResolver reading package data from C:\Users\Royce\Desktop\MakerSquare\REPLWoAC-Greenfield\node_modules\grunt-cli\package.json
49 verbose targetResolver reading package data from C:\Users\Royce\Desktop\MakerSquare\REPLWoAC-Greenfield\node_modules\grunt-contrib-clean\package.json
50 verbose targetResolver reading package data from C:\Users\Royce\Desktop\MakerSquare\REPLWoAC-Greenfield\node_modules\grunt-contrib-concat\package.json
51 verbose targetResolver reading package data from C:\Users\Royce\Desktop\MakerSquare\REPLWoAC-Greenfield\node_modules\grunt-contrib-copy\package.json
52 verbose targetResolver reading package data from C:\Users\Royce\Desktop\MakerSquare\REPLWoAC-Greenfield\node_modules\grunt-contrib-jshint\package.json
53 verbose targetResolver reading package data from C:\Users\Royce\Desktop\MakerSquare\REPLWoAC-Greenfield\node_modules\grunt-contrib-sass\package.json
54 verbose targetResolver reading package data from C:\Users\Royce\Desktop\MakerSquare\REPLWoAC-Greenfield\node_modules\grunt-contrib-uglify\package.json
55 verbose targetResolver reading package data from C:\Users\Royce\Desktop\MakerSquare\REPLWoAC-Greenfield\node_modules\grunt-contrib-watch\package.json
56 verbose targetResolver reading package data from C:\Users\Royce\Desktop\MakerSquare\REPLWoAC-Greenfield\node_modules\grunt-nodemon\package.json
57 verbose targetResolver reading package data from C:\Users\Royce\Desktop\MakerSquare\REPLWoAC-Greenfield\node_modules\jasmine-core\package.json
58 verbose targetResolver reading package data from C:\Users\Royce\Desktop\MakerSquare\REPLWoAC-Greenfield\node_modules\jwt-simple\package.json
59 verbose targetResolver reading package data from C:\Users\Royce\Desktop\MakerSquare\REPLWoAC-Greenfield\node_modules\karma\package.json
60 verbose targetResolver reading package data from C:\Users\Royce\Desktop\MakerSquare\REPLWoAC-Greenfield\node_modules\karma-chrome-launcher\package.json
61 verbose targetResolver reading package data from C:\Users\Royce\Desktop\MakerSquare\REPLWoAC-Greenfield\node_modules\karma-jasmine\package.json
62 verbose targetResolver reading package data from C:\Users\Royce\Desktop\MakerSquare\REPLWoAC-Greenfield\node_modules\mongoose\package.json
63 verbose targetResolver reading package data from C:\Users\Royce\Desktop\MakerSquare\REPLWoAC-Greenfield\node_modules\q\package.json
64 verbose targetResolver reading package data from C:\Users\Royce\Desktop\MakerSquare\REPLWoAC-Greenfield\node_modules\.bin\bower\package.json
65 verbose targetResolver reading package data from C:\Users\Royce\Desktop\MakerSquare\REPLWoAC-Greenfield\node_modules\.bin\bower.cmd\package.json
66 verbose targetResolver reading package data from C:\Users\Royce\Desktop\MakerSquare\REPLWoAC-Greenfield\node_modules\.bin\grunt\package.json
67 verbose targetResolver reading package data from C:\Users\Royce\Desktop\MakerSquare\REPLWoAC-Greenfield\node_modules\.bin\grunt.cmd\package.json
68 verbose targetResolver reading package data from C:\Users\Royce\Desktop\MakerSquare\REPLWoAC-Greenfield\node_modules\.bin\karma\package.json
69 verbose targetResolver reading package data from C:\Users\Royce\Desktop\MakerSquare\REPLWoAC-Greenfield\node_modules\.bin\karma.cmd\package.json
70 verbose already installed skipping bower@^1.6.3 C:\Users\Royce\Desktop\MakerSquare\REPLWoAC-Greenfield
71 verbose already installed skipping expect.js@^0.3.1 C:\Users\Royce\Desktop\MakerSquare\REPLWoAC-Greenfield
72 verbose already installed skipping express@^4.13.3 C:\Users\Royce\Desktop\MakerSquare\REPLWoAC-Greenfield
73 verbose already installed skipping grunt@^0.4.5 C:\Users\Royce\Desktop\MakerSquare\REPLWoAC-Greenfield
74 verbose already installed skipping grunt-cli@^0.1.13 C:\Users\Royce\Desktop\MakerSquare\REPLWoAC-Greenfield
75 verbose already installed skipping grunt-contrib-clean@^0.6.0 C:\Users\Royce\Desktop\MakerSquare\REPLWoAC-Greenfield
76 verbose already installed skipping grunt-contrib-concat@^0.5.1 C:\Users\Royce\Desktop\MakerSquare\REPLWoAC-Greenfield
77 verbose already installed skipping grunt-contrib-copy@^0.8.2 C:\Users\Royce\Desktop\MakerSquare\REPLWoAC-Greenfield
78 verbose already installed skipping grunt-contrib-jshint@^0.11.3 C:\Users\Royce\Desktop\MakerSquare\REPLWoAC-Greenfield
79 verbose already installed skipping grunt-contrib-sass@^0.9.2 C:\Users\Royce\Desktop\MakerSquare\REPLWoAC-Greenfield
80 verbose already installed skipping grunt-contrib-uglify@^0.9.2 C:\Users\Royce\Desktop\MakerSquare\REPLWoAC-Greenfield
81 verbose already installed skipping grunt-contrib-watch@^0.6.1 C:\Users\Royce\Desktop\MakerSquare\REPLWoAC-Greenfield
82 verbose already installed skipping grunt-nodemon@^0.4.0 C:\Users\Royce\Desktop\MakerSquare\REPLWoAC-Greenfield
83 verbose already installed skipping jasmine-core@^2.3.4 C:\Users\Royce\Desktop\MakerSquare\REPLWoAC-Greenfield
84 verbose already installed skipping jwt-simple@^0.3.1 C:\Users\Royce\Desktop\MakerSquare\REPLWoAC-Greenfield
85 verbose already installed skipping karma@^0.13.11 C:\Users\Royce\Desktop\MakerSquare\REPLWoAC-Greenfield
86 verbose already installed skipping karma-chrome-launcher@^0.2.1 C:\Users\Royce\Desktop\MakerSquare\REPLWoAC-Greenfield
87 verbose already installed skipping karma-jasmine@^0.3.6 C:\Users\Royce\Desktop\MakerSquare\REPLWoAC-Greenfield
88 verbose already installed skipping mongoose@^4.2.0 C:\Users\Royce\Desktop\MakerSquare\REPLWoAC-Greenfield
89 verbose already installed skipping q@^1.4.1 C:\Users\Royce\Desktop\MakerSquare\REPLWoAC-Greenfield
90 verbose already installed skipping bcrypt-nodejs@0.0.3 C:\Users\Royce\Desktop\MakerSquare\REPLWoAC-Greenfield
91 verbose already installed skipping body-parser@^1.14.1 C:\Users\Royce\Desktop\MakerSquare\REPLWoAC-Greenfield
92 silly install resolved []
93 info build C:\Users\Royce\Desktop\MakerSquare\REPLWoAC-Greenfield
94 info linkStuff crashapp@1.0.0
95 silly linkStuff crashapp@1.0.0 has C:\Users\Royce\Desktop\MakerSquare as its parent node_modules
96 verbose linkBins crashapp@1.0.0
97 verbose linkMans crashapp@1.0.0
98 verbose rebuildBundles crashapp@1.0.0
99 verbose rebuildBundles [ '.bin',
99 verbose rebuildBundles   'bcrypt-nodejs',
99 verbose rebuildBundles   'body-parser',
99 verbose rebuildBundles   'bower',
99 verbose rebuildBundles   'expect.js',
99 verbose rebuildBundles   'express',
99 verbose rebuildBundles   'grunt',
99 verbose rebuildBundles   'grunt-cli',
99 verbose rebuildBundles   'grunt-contrib-clean',
99 verbose rebuildBundles   'grunt-contrib-concat',
99 verbose rebuildBundles   'grunt-contrib-copy',
99 verbose rebuildBundles   'grunt-contrib-jshint',
99 verbose rebuildBundles   'grunt-contrib-sass',
99 verbose rebuildBundles   'grunt-contrib-uglify',
99 verbose rebuildBundles   'grunt-contrib-watch',
99 verbose rebuildBundles   'grunt-nodemon',
99 verbose rebuildBundles   'jasmine-core',
99 verbose rebuildBundles   'jwt-simple',
99 verbose rebuildBundles   'karma',
99 verbose rebuildBundles   'karma-chrome-launcher',
99 verbose rebuildBundles   'karma-jasmine',
99 verbose rebuildBundles   'mongoose',
99 verbose rebuildBundles   'q' ]
100 info install crashapp@1.0.0
101 info postinstall crashapp@1.0.0
102 verbose unsafe-perm in lifecycle true
103 info crashapp@1.0.0 Failed to exec postinstall script
104 verbose stack Error: crashapp@1.0.0 postinstall: `./node_modules/bower/bin/bower install && grunt build`
104 verbose stack Exit status 1
104 verbose stack     at EventEmitter.<anonymous> (C:\Program Files\nodejs\node_modules\npm\lib\utils\lifecycle.js:214:16)
104 verbose stack     at emitTwo (events.js:87:13)
104 verbose stack     at EventEmitter.emit (events.js:172:7)
104 verbose stack     at ChildProcess.<anonymous> (C:\Program Files\nodejs\node_modules\npm\lib\utils\spawn.js:24:14)
104 verbose stack     at emitTwo (events.js:87:13)
104 verbose stack     at ChildProcess.emit (events.js:172:7)
104 verbose stack     at maybeClose (internal/child_process.js:817:16)
104 verbose stack     at Process.ChildProcess._handle.onexit (internal/child_process.js:211:5)
105 verbose pkgid crashapp@1.0.0
106 verbose cwd C:\Users\Royce\Desktop\MakerSquare\REPLWoAC-Greenfield
107 error Windows_NT 10.0.10240
108 error argv "C:\\Program Files\\nodejs\\node.exe" "C:\\Program Files\\nodejs\\node_modules\\npm\\bin\\npm-cli.js" "install"
109 error node v4.1.1
110 error npm  v2.14.4
111 error code ELIFECYCLE
112 error crashapp@1.0.0 postinstall: `./node_modules/bower/bin/bower install && grunt build`
112 error Exit status 1
113 error Failed at the crashapp@1.0.0 postinstall script './node_modules/bower/bin/bower install && grunt build'.
113 error This is most likely a problem with the crashapp package,
113 error not with npm itself.
113 error Tell the author that this fails on your system:
113 error     ./node_modules/bower/bin/bower install && grunt build
113 error You can get their info via:
113 error     npm owner ls crashapp
113 error There is likely additional logging output above.
114 verbose exit [ 1, true ]
